{
  "RSpec": {
    "coverage": {
      "/home/shraddha/workspace/training_app/spec/models/user_spec.rb": [
        1,
        null,
        1,
        null,
        null,
        1,
        null,
        null,
        5,
        1,
        null,
        null,
        1,
        1,
        null,
        1,
        null,
        1,
        1,
        null,
        null,
        1,
        null,
        1,
        1,
        null,
        1,
        null,
        1,
        null,
        null,
        null,
        1,
        null,
        null,
        null,
        null,
        null,
        null,
        null,
        null,
        null,
        null,
        null,
        3,
        1,
        8,
        null,
        1,
        1,
        null,
        null,
        1,
        1,
        null,
        null,
        null
      ],
      "/home/shraddha/workspace/training_app/spec/rails_helper.rb": [
        null,
        1,
        1,
        1,
        null,
        1,
        1,
        1,
        null,
        null,
        null,
        null,
        null,
        null,
        null,
        null,
        null,
        null,
        null,
        null,
        null,
        null,
        null,
        null,
        2,
        null,
        null,
        null,
        1,
        null,
        1,
        null,
        1,
        null,
        null,
        null,
        null,
        1,
        null,
        null,
        null,
        null,
        null,
        null,
        null,
        null,
        null,
        null,
        null,
        null,
        null,
        null,
        1,
        null,
        null,
        1,
        null,
        null,
        null,
        null,
        null
      ],
      "/home/shraddha/workspace/training_app/config/environment.rb": [
        null,
        1,
        null,
        null,
        1
      ],
      "/home/shraddha/workspace/training_app/config/application.rb": [
        1,
        null,
        1,
        null,
        null,
        null,
        1,
        null,
        1,
        1,
        null,
        1,
        null,
        null,
        null,
        null,
        null,
        null
      ],
      "/home/shraddha/workspace/training_app/config/boot.rb": [
        1,
        null,
        1
      ],
      "/home/shraddha/workspace/training_app/config/environments/test.rb": [
        1,
        null,
        null,
        null,
        null,
        null,
        null,
        1,
        null,
        null,
        null,
        null,
        1,
        null,
        null,
        1,
        1,
        null,
        null,
        null,
        null,
        1,
        1,
        null,
        null,
        1,
        null,
        null,
        1,
        1,
        null,
        null,
        null,
        null,
        1,
        null,
        null,
        1,
        null,
        null,
        null,
        null
      ],
      "/home/shraddha/workspace/training_app/config/initializers/application_controller_renderer.rb": [
        null,
        null,
        null,
        null,
        null,
        null
      ],
      "/home/shraddha/workspace/training_app/config/initializers/assets.rb": [
        null,
        null,
        null,
        1,
        null,
        null,
        null,
        null,
        1,
        null,
        null,
        null,
        null,
        null
      ],
      "/home/shraddha/workspace/training_app/config/initializers/backtrace_silencers.rb": [
        null,
        null,
        null,
        null,
        null,
        null,
        null
      ],
      "/home/shraddha/workspace/training_app/config/initializers/cookies_serializer.rb": [
        null,
        null,
        null,
        null,
        1
      ],
      "/home/shraddha/workspace/training_app/config/initializers/filter_parameter_logging.rb": [
        null,
        null,
        null,
        1
      ],
      "/home/shraddha/workspace/training_app/config/initializers/inflections.rb": [
        null,
        null,
        null,
        null,
        null,
        null,
        null,
        null,
        null,
        null,
        null,
        null,
        null,
        null,
        null,
        null
      ],
      "/home/shraddha/workspace/training_app/config/initializers/mime_types.rb": [
        null,
        null,
        null,
        null
      ],
      "/home/shraddha/workspace/training_app/config/initializers/wrap_parameters.rb": [
        null,
        null,
        null,
        null,
        null,
        null,
        1,
        2,
        null,
        null,
        null,
        null,
        null,
        null
      ],
      "/home/shraddha/workspace/training_app/spec/factories/users.rb": [
        1,
        null,
        1,
        1,
        1,
        1,
        1,
        null,
        null,
        null,
        1,
        13,
        17,
        17,
        1,
        null,
        null
      ],
      "/home/shraddha/workspace/training_app/app/models/user.rb": [
        1,
        1,
        1,
        1,
        null,
        2,
        2,
        null
      ],
      "/home/shraddha/workspace/training_app/app/models/application_record.rb": [
        1,
        1,
        null
      ],
      "/home/shraddha/workspace/training_app/config/routes.rb": [
        1,
        1,
        null,
        null
      ],
      "/home/shraddha/workspace/training_app/app/helpers/application_helper.rb": [
        1,
        null
      ],
      "/home/shraddha/workspace/training_app/app/helpers/users_helper.rb": [
        1,
        null
      ],
      "/home/shraddha/workspace/training_app/spec/support/factory_bot.rb": [
        null,
        1,
        1,
        null,
        null,
        null,
        null,
        null,
        null,
        null,
        null,
        null,
        null
      ]
    },
    "timestamp": 1512457194
  }
}
